[INFO] Scanning for projects...
[WARNING] 
[WARNING] Some problems were encountered while building the effective model for com.qa:Centralized-Framework:jar:1.0-SNAPSHOT
[WARNING] 'dependencies.dependency.(groupId:artifactId:type:classifier)' must be unique: com.fasterxml.jackson.core:jackson-databind:jar -> version 2.15.2 vs 2.14.0 @ line 165, column 17
[WARNING] 
[WARNING] It is highly recommended to fix these problems because they threaten the stability of your build.
[WARNING] 
[WARNING] For this reason, future Maven versions might no longer support building such malformed projects.
[WARNING] 
[INFO] 
[INFO] --------------------< com.qa:Centralized-Framework >--------------------
[INFO] Building Centralized-Framework 1.0-SNAPSHOT
[INFO] --------------------------------[ jar ]---------------------------------
Downloading from github: https://maven.pkg.github.com/SDETThings/Genesis-Core-Library/net/minidev/json-smart/maven-metadata.xml
[WARNING] Could not transfer metadata net.minidev:json-smart/maven-metadata.xml from/to github (https://maven.pkg.github.com/SDETThings/Genesis-Core-Library): Authentication failed for https://maven.pkg.github.com/SDETThings/Genesis-Core-Library/net/minidev/json-smart/maven-metadata.xml 401 Unauthorized
[WARNING] Failure to transfer net.minidev:json-smart/maven-metadata.xml from https://maven.pkg.github.com/SDETThings/Genesis-Core-Library was cached in the local repository, resolution will not be reattempted until the update interval of github has elapsed or updates are forced. Original error: Could not transfer metadata net.minidev:json-smart/maven-metadata.xml from/to github (https://maven.pkg.github.com/SDETThings/Genesis-Core-Library): Authentication failed for https://maven.pkg.github.com/SDETThings/Genesis-Core-Library/net/minidev/json-smart/maven-metadata.xml 401 Unauthorized
Downloading from github: https://maven.pkg.github.com/SDETThings/Genesis-Core-Library/com/nimbusds/lang-tag/maven-metadata.xml
[WARNING] Could not transfer metadata com.nimbusds:lang-tag/maven-metadata.xml from/to github (https://maven.pkg.github.com/SDETThings/Genesis-Core-Library): Authentication failed for https://maven.pkg.github.com/SDETThings/Genesis-Core-Library/com/nimbusds/lang-tag/maven-metadata.xml 401 Unauthorized
Downloading from github: https://maven.pkg.github.com/SDETThings/Genesis-Core-Library/com/nimbusds/nimbus-jose-jwt/maven-metadata.xml
[WARNING] Could not transfer metadata com.nimbusds:nimbus-jose-jwt/maven-metadata.xml from/to github (https://maven.pkg.github.com/SDETThings/Genesis-Core-Library): Authentication failed for https://maven.pkg.github.com/SDETThings/Genesis-Core-Library/com/nimbusds/nimbus-jose-jwt/maven-metadata.xml 401 Unauthorized
[WARNING] Failure to transfer net.minidev:json-smart/maven-metadata.xml from https://maven.pkg.github.com/SDETThings/Genesis-Core-Library was cached in the local repository, resolution will not be reattempted until the update interval of github has elapsed or updates are forced. Original error: Could not transfer metadata net.minidev:json-smart/maven-metadata.xml from/to github (https://maven.pkg.github.com/SDETThings/Genesis-Core-Library): Authentication failed for https://maven.pkg.github.com/SDETThings/Genesis-Core-Library/net/minidev/json-smart/maven-metadata.xml 401 Unauthorized
[WARNING] Failure to transfer net.minidev:json-smart/maven-metadata.xml from https://maven.pkg.github.com/SDETThings/Genesis-Core-Library was cached in the local repository, resolution will not be reattempted until the update interval of github has elapsed or updates are forced. Original error: Could not transfer metadata net.minidev:json-smart/maven-metadata.xml from/to github (https://maven.pkg.github.com/SDETThings/Genesis-Core-Library): Authentication failed for https://maven.pkg.github.com/SDETThings/Genesis-Core-Library/net/minidev/json-smart/maven-metadata.xml 401 Unauthorized
Downloading from github: https://maven.pkg.github.com/SDETThings/Genesis-Core-Library/org/seleniumhq/selenium/selenium-api/maven-metadata.xml
[WARNING] Could not transfer metadata org.seleniumhq.selenium:selenium-api/maven-metadata.xml from/to github (https://maven.pkg.github.com/SDETThings/Genesis-Core-Library): Authentication failed for https://maven.pkg.github.com/SDETThings/Genesis-Core-Library/org/seleniumhq/selenium/selenium-api/maven-metadata.xml 401 Unauthorized
Downloading from github: https://maven.pkg.github.com/SDETThings/Genesis-Core-Library/org/seleniumhq/selenium/selenium-remote-driver/maven-metadata.xml
[WARNING] Could not transfer metadata org.seleniumhq.selenium:selenium-remote-driver/maven-metadata.xml from/to github (https://maven.pkg.github.com/SDETThings/Genesis-Core-Library): Authentication failed for https://maven.pkg.github.com/SDETThings/Genesis-Core-Library/org/seleniumhq/selenium/selenium-remote-driver/maven-metadata.xml 401 Unauthorized
Downloading from github: https://maven.pkg.github.com/SDETThings/Genesis-Core-Library/org/seleniumhq/selenium/selenium-support/maven-metadata.xml
[WARNING] Could not transfer metadata org.seleniumhq.selenium:selenium-support/maven-metadata.xml from/to github (https://maven.pkg.github.com/SDETThings/Genesis-Core-Library): Authentication failed for https://maven.pkg.github.com/SDETThings/Genesis-Core-Library/org/seleniumhq/selenium/selenium-support/maven-metadata.xml 401 Unauthorized
[INFO] 
[INFO] --- maven-clean-plugin:2.5:clean (default-clean) @ Centralized-Framework ---
[INFO] Deleting C:\Users\Kunal\IdeaProjects\Centralized-Framework\target
[INFO] 
[INFO] --- maven-resources-plugin:2.6:resources (default-resources) @ Centralized-Framework ---
[INFO] Using 'UTF-8' encoding to copy filtered resources.
[INFO] Copying 1 resource
[INFO] 
[INFO] --- maven-compiler-plugin:3.11.0:compile (default-compile) @ Centralized-Framework ---
[INFO] Changes detected - recompiling the module! :source
[INFO] Compiling 24 source files with javac [debug target 17] to target\classes
[INFO] ------------------------------------------------------------------------
[INFO] BUILD FAILURE
[INFO] ------------------------------------------------------------------------
[INFO] Total time:  17.509 s
[INFO] Finished at: 2024-09-29T16:16:25+05:30
[INFO] ------------------------------------------------------------------------
[ERROR] Failed to execute goal org.apache.maven.plugins:maven-compiler-plugin:3.11.0:compile (default-compile) on project Centralized-Framework: Fatal error compiling: invalid target release: 17 -> [Help 1]
[ERROR] 
[ERROR] To see the full stack trace of the errors, re-run Maven with the -e switch.
[ERROR] Re-run Maven using the -X switch to enable full debug logging.
[ERROR] 
[ERROR] For more information about the errors and possible solutions, please read the following articles:
[ERROR] [Help 1] http://cwiki.apache.org/confluence/display/MAVEN/MojoExecutionException
